<?xml version="1.0" encoding="UTF-8"?>
<!-- Generated by org.testng.reporters.JUnitReportReporter -->
<testsuite hostname="QV-9" name="tests.amazonTest.AmazonTest" tests="1" failures="0" timestamp="30 Sep 2018 15:37:47 GMT" time="6.218" errors="0">
  <testcase name="groupSetup" time="6.218" classname="tests.amazonTest.AmazonTest"/>
</testsuite> <!-- tests.amazonTest.AmazonTest -->
