<?xml version="1.0" encoding="UTF-8"?>
<!-- Generated by org.testng.reporters.JUnitReportReporter -->
<testsuite hostname="Raymond-Kelly" failures="0" tests="1" name="tests.amazonTest.firstTest" time="4.284" errors="0" timestamp="12 Feb 2018 20:11:33 GMT">
  <testcase classname="tests.amazonTest.firstTest" name="groupSetup" time="4.284"/>
</testsuite> <!-- tests.amazonTest.firstTest -->
