<?xml version="1.0" encoding="UTF-8"?>
<!-- Generated by org.testng.reporters.JUnitReportReporter -->
<testsuite hostname="QV-9" name="test.AmazonTest" tests="1" failures="0" timestamp="1 Oct 2018 05:18:57 GMT" time="23.254" errors="0">
  <testcase name="groupSetup" time="23.254" classname="test.AmazonTest"/>
</testsuite> <!-- test.AmazonTest -->
